build/app/intermediates/manifest_merge_blame_file/debug/manifest-merger-blame-debug-report.txt
1<?xml version="1.0" encoding="utf-8"?>
2<manifest xmlns:android="http://schemas.android.com/apk/res/android"
3    package="com.nuriflex.nuritopia2d"
4    android:versionCode="1"
5    android:versionName="1.0.0" >
6
7    <uses-sdk
8        android:minSdkVersion="23"
9        android:targetSdkVersion="34" />
10    <!--
11         The INTERNET permission is required for development. Specifically,
12         the Flutter tool needs it to communicate with the running application
13         to allow setting breakpoints, to provide hot reload, etc.
14    -->
15    <uses-permission android:name="android.permission.INTERNET" />
15-->src\main\AndroidManifest.xml:2:5-67
15-->src\main\AndroidManifest.xml:2:22-64
16    <uses-permission android:name="android.permission.CAMERA" />
16-->src\main\AndroidManifest.xml:3:5-65
16-->src\main\AndroidManifest.xml:3:22-62
17    <uses-permission android:name="android.permission.ACCESS_NETWORK_STATE" />
17-->src\main\AndroidManifest.xml:4:5-79
17-->src\main\AndroidManifest.xml:4:22-76
18    <uses-permission android:name="android.permission.WRITE_EXTERNAL_STORAGE" />
18-->src\main\AndroidManifest.xml:5:5-81
18-->src\main\AndroidManifest.xml:5:22-78
19    <uses-permission android:name="android.permission.READ_EXTERNAL_STORAGE" />
19-->src\main\AndroidManifest.xml:6:5-80
19-->src\main\AndroidManifest.xml:6:22-77
20
21    <uses-feature android:name="android.hardware.camera" />
21-->src\main\AndroidManifest.xml:7:5-60
21-->src\main\AndroidManifest.xml:7:19-57
22
23    <uses-permission android:name="android.permission.MODIFY_AUDIO_SETTINGS" />
23-->src\main\AndroidManifest.xml:8:5-80
23-->src\main\AndroidManifest.xml:8:22-77
24
25    <uses-feature android:name="android.hardware.camera.autofocus" />
25-->src\main\AndroidManifest.xml:9:5-70
25-->src\main\AndroidManifest.xml:9:19-67
26
27    <uses-permission android:name="android.permission.RECORD_AUDIO" />
27-->src\main\AndroidManifest.xml:11:5-71
27-->src\main\AndroidManifest.xml:11:22-68
28    <!--
29 Required to query activities that can process text, see:
30         https://developer.android.com/training/package-visibility?hl=en and
31         https://developer.android.com/reference/android/content/Intent#ACTION_PROCESS_TEXT.
32
33         In particular, this is used by the Flutter engine in io.flutter.plugin.text.ProcessTextPlugin.
34    -->
35    <meta-data
35-->src\main\AndroidManifest.xml:67:5-69:50
36        android:name="com.google.firebase.messaging.default_notification_color"
36-->src\main\AndroidManifest.xml:68:9-80
37        android:resource="@color/colorPrimary" />
37-->src\main\AndroidManifest.xml:69:9-47
38
39    <queries>
39-->src\main\AndroidManifest.xml:70:5-75:15
40        <intent>
40-->src\main\AndroidManifest.xml:71:9-74:18
41            <action android:name="android.intent.action.PROCESS_TEXT" />
41-->src\main\AndroidManifest.xml:72:13-72
41-->src\main\AndroidManifest.xml:72:21-70
42
43            <data android:mimeType="text/plain" />
43-->src\main\AndroidManifest.xml:73:13-50
43-->src\main\AndroidManifest.xml:73:19-48
44        </intent>
45        <intent>
45-->[:flutter_inappwebview_android] AndroidManifest.xml:10:9-12:18
46            <action android:name="android.support.customtabs.action.CustomTabsService" />
46-->[:flutter_inappwebview_android] AndroidManifest.xml:11:13-90
46-->[:flutter_inappwebview_android] AndroidManifest.xml:11:21-87
47        </intent>
48    </queries>
49
50    <uses-permission android:name="android.permission.WAKE_LOCK" /> <!-- Permissions options for the `notification` group -->
50-->[:firebase_analytics] AndroidManifest.xml:11:5-68
50-->[:firebase_analytics] AndroidManifest.xml:11:22-65
51    <uses-permission android:name="android.permission.POST_NOTIFICATIONS" />
51-->[:firebase_messaging] AndroidManifest.xml:13:5-77
51-->[:firebase_messaging] AndroidManifest.xml:13:22-74
52    <uses-permission android:name="android.permission.VIBRATE" /> <!-- Request legacy Bluetooth permissions on older devices. -->
52-->[:flutter_local_notifications] AndroidManifest.xml:9:5-66
52-->[:flutter_local_notifications] AndroidManifest.xml:9:22-63
53    <uses-permission
53-->[:headset_connection_event] AndroidManifest.xml:9:5-11:38
54        android:name="android.permission.BLUETOOTH"
54-->[:headset_connection_event] AndroidManifest.xml:10:9-52
55        android:maxSdkVersion="30" />
55-->[:headset_connection_event] AndroidManifest.xml:11:9-35
56    <uses-permission
56-->[:headset_connection_event] AndroidManifest.xml:12:5-14:38
57        android:name="android.permission.BLUETOOTH_ADMIN"
57-->[:headset_connection_event] AndroidManifest.xml:13:9-58
58        android:maxSdkVersion="30" />
58-->[:headset_connection_event] AndroidManifest.xml:14:9-35
59    <!--
60         Needed only if your app communicates with already-paired Bluetooth
61         devices.
62    -->
63    <uses-permission android:name="android.permission.BLUETOOTH_CONNECT" />
63-->[:headset_connection_event] AndroidManifest.xml:20:5-76
63-->[:headset_connection_event] AndroidManifest.xml:20:22-73
64    <uses-permission android:name="com.google.android.gms.permission.AD_ID" />
64-->[com.google.android.gms:play-services-measurement-api:22.0.0] AndroidManifest.xml:25:5-79
64-->[com.google.android.gms:play-services-measurement-api:22.0.0] AndroidManifest.xml:25:22-76
65    <uses-permission android:name="android.permission.ACCESS_ADSERVICES_ATTRIBUTION" />
65-->[com.google.android.gms:play-services-measurement-api:22.0.0] AndroidManifest.xml:26:5-88
65-->[com.google.android.gms:play-services-measurement-api:22.0.0] AndroidManifest.xml:26:22-85
66    <uses-permission android:name="android.permission.ACCESS_ADSERVICES_AD_ID" /> <!-- Required by older versions of Google Play services to create IID tokens -->
66-->[com.google.android.gms:play-services-measurement-api:22.0.0] AndroidManifest.xml:27:5-82
66-->[com.google.android.gms:play-services-measurement-api:22.0.0] AndroidManifest.xml:27:22-79
67    <uses-permission android:name="com.google.android.c2dm.permission.RECEIVE" />
67-->[com.google.firebase:firebase-messaging:24.0.0] AndroidManifest.xml:26:5-82
67-->[com.google.firebase:firebase-messaging:24.0.0] AndroidManifest.xml:26:22-79
68    <uses-permission android:name="com.google.android.providers.gsf.permission.READ_GSERVICES" />
68-->[com.google.android.recaptcha:recaptcha:18.4.0] AndroidManifest.xml:9:5-98
68-->[com.google.android.recaptcha:recaptcha:18.4.0] AndroidManifest.xml:9:22-95
69    <uses-permission android:name="com.google.android.finsky.permission.BIND_GET_INSTALL_REFERRER_SERVICE" />
69-->[com.google.android.gms:play-services-measurement:22.0.0] AndroidManifest.xml:26:5-110
69-->[com.google.android.gms:play-services-measurement:22.0.0] AndroidManifest.xml:26:22-107
70
71    <permission
71-->[androidx.core:core:1.12.0] AndroidManifest.xml:22:5-24:47
72        android:name="com.nuriflex.nuritopia2d.DYNAMIC_RECEIVER_NOT_EXPORTED_PERMISSION"
72-->[androidx.core:core:1.12.0] AndroidManifest.xml:23:9-81
73        android:protectionLevel="signature" />
73-->[androidx.core:core:1.12.0] AndroidManifest.xml:24:9-44
74
75    <uses-permission android:name="com.nuriflex.nuritopia2d.DYNAMIC_RECEIVER_NOT_EXPORTED_PERMISSION" />
75-->[androidx.core:core:1.12.0] AndroidManifest.xml:26:5-97
75-->[androidx.core:core:1.12.0] AndroidManifest.xml:26:22-94
76
77    <application
78        android:name="android.app.Application"
79        android:appComponentFactory="androidx.core.app.CoreComponentFactory"
79-->[androidx.core:core:1.12.0] AndroidManifest.xml:28:18-86
80        android:debuggable="true"
81        android:extractNativeLibs="false"
82        android:icon="@mipmap/ic_launcher"
83        android:label="NuriStar" >
84        <activity
85            android:name="com.nuriflex.nuritopia2d.MainActivity"
86            android:configChanges="orientation|keyboardHidden|keyboard|screenSize|smallestScreenSize|locale|layoutDirection|fontScale|screenLayout|density|uiMode"
87            android:exported="true"
88            android:hardwareAccelerated="true"
89            android:launchMode="singleTop"
90            android:theme="@style/LaunchTheme"
91            android:usesCleartextTraffic="true"
92            android:windowSoftInputMode="adjustResize" >
93
94            <!--
95                 Specifies an Android theme to apply to this Activity as soon as
96                 the Android process has started. This theme is visible to the user
97                 while the Flutter UI initializes. After that, this theme continues
98                 to determine the Window background behind the Flutter UI.
99            -->
100            <meta-data
101                android:name="io.flutter.embedding.android.NormalTheme"
102                android:resource="@style/NormalTheme" />
103            <meta-data
104                android:name="com.google.firebase.messaging.default_notification_icon"
105                android:resource="@mipmap/ic_launcher" />
106
107            <intent-filter>
108                <action android:name="android.intent.action.MAIN" />
109
110                <category android:name="android.intent.category.LAUNCHER" />
111            </intent-filter>
112        </activity>
113        <!-- Set up the Sign in with Apple activity, such that it's callable from the browser-redirect -->
114        <activity
115            android:name="com.aboutyou.dart_packages.sign_in_with_apple.SignInWithAppleCallback"
116            android:exported="true" >
117            <intent-filter>
118                <action android:name="android.intent.action.VIEW" />
118-->[com.google.firebase:firebase-auth:23.0.0] AndroidManifest.xml:36:17-69
118-->[com.google.firebase:firebase-auth:23.0.0] AndroidManifest.xml:36:25-66
119
120                <category android:name="android.intent.category.DEFAULT" />
120-->[com.google.firebase:firebase-auth:23.0.0] AndroidManifest.xml:38:17-76
120-->[com.google.firebase:firebase-auth:23.0.0] AndroidManifest.xml:38:27-73
121                <category android:name="android.intent.category.BROWSABLE" />
121-->[com.google.firebase:firebase-auth:23.0.0] AndroidManifest.xml:39:17-78
121-->[com.google.firebase:firebase-auth:23.0.0] AndroidManifest.xml:39:27-75
122
123                <data android:scheme="signinwithapple" />
123-->src\main\AndroidManifest.xml:73:13-50
124                <data android:path="callback" />
124-->src\main\AndroidManifest.xml:73:13-50
125            </intent-filter>
126        </activity>
127        <!--
128             Don't delete the meta-data below.
129             This is used by the Flutter tool to generate GeneratedPluginRegistrant.java
130        -->
131        <meta-data
132            android:name="flutterEmbedding"
133            android:value="2" />
134
135        <service
135-->[:cloud_firestore] AndroidManifest.xml:10:9-14:19
136            android:name="com.google.firebase.components.ComponentDiscoveryService"
136-->[:cloud_firestore] AndroidManifest.xml:10:18-89
137            android:directBootAware="true"
137-->[com.google.firebase:firebase-common:21.0.0] AndroidManifest.xml:32:13-43
138            android:exported="false" >
138-->[com.google.firebase:firebase-firestore:25.0.0] AndroidManifest.xml:16:13-37
139            <meta-data
139-->[:cloud_firestore] AndroidManifest.xml:11:13-13:85
140                android:name="com.google.firebase.components:io.flutter.plugins.firebase.firestore.FlutterFirebaseFirestoreRegistrar"
140-->[:cloud_firestore] AndroidManifest.xml:12:17-134
141                android:value="com.google.firebase.components.ComponentRegistrar" />
141-->[:cloud_firestore] AndroidManifest.xml:13:17-82
142            <meta-data
142-->[:firebase_analytics] AndroidManifest.xml:15:13-17:85
143                android:name="com.google.firebase.components:io.flutter.plugins.firebase.analytics.FlutterFirebaseAppRegistrar"
143-->[:firebase_analytics] AndroidManifest.xml:16:17-128
144                android:value="com.google.firebase.components.ComponentRegistrar" />
144-->[:firebase_analytics] AndroidManifest.xml:17:17-82
145            <meta-data
145-->[:firebase_auth] AndroidManifest.xml:11:13-13:85
146                android:name="com.google.firebase.components:io.flutter.plugins.firebase.auth.FlutterFirebaseAuthRegistrar"
146-->[:firebase_auth] AndroidManifest.xml:12:17-124
147                android:value="com.google.firebase.components.ComponentRegistrar" />
147-->[:firebase_auth] AndroidManifest.xml:13:17-82
148            <meta-data
148-->[:firebase_messaging] AndroidManifest.xml:38:13-40:85
149                android:name="com.google.firebase.components:io.flutter.plugins.firebase.messaging.FlutterFirebaseAppRegistrar"
149-->[:firebase_messaging] AndroidManifest.xml:39:17-128
150                android:value="com.google.firebase.components.ComponentRegistrar" />
150-->[:firebase_messaging] AndroidManifest.xml:40:17-82
151            <meta-data
151-->[:firebase_storage] AndroidManifest.xml:11:13-13:85
152                android:name="com.google.firebase.components:io.flutter.plugins.firebase.storage.FlutterFirebaseAppRegistrar"
152-->[:firebase_storage] AndroidManifest.xml:12:17-126
153                android:value="com.google.firebase.components.ComponentRegistrar" />
153-->[:firebase_storage] AndroidManifest.xml:13:17-82
154            <meta-data
154-->[:firebase_core] AndroidManifest.xml:11:13-13:85
155                android:name="com.google.firebase.components:io.flutter.plugins.firebase.core.FlutterFirebaseCoreRegistrar"
155-->[:firebase_core] AndroidManifest.xml:12:17-124
156                android:value="com.google.firebase.components.ComponentRegistrar" />
156-->[:firebase_core] AndroidManifest.xml:13:17-82
157            <meta-data
157-->[com.google.firebase:firebase-firestore:25.0.0] AndroidManifest.xml:17:13-19:85
158                android:name="com.google.firebase.components:com.google.firebase.firestore.FirebaseFirestoreKtxRegistrar"
158-->[com.google.firebase:firebase-firestore:25.0.0] AndroidManifest.xml:18:17-122
159                android:value="com.google.firebase.components.ComponentRegistrar" />
159-->[com.google.firebase:firebase-firestore:25.0.0] AndroidManifest.xml:19:17-82
160            <meta-data
160-->[com.google.firebase:firebase-firestore:25.0.0] AndroidManifest.xml:20:13-22:85
161                android:name="com.google.firebase.components:com.google.firebase.firestore.FirestoreRegistrar"
161-->[com.google.firebase:firebase-firestore:25.0.0] AndroidManifest.xml:21:17-111
162                android:value="com.google.firebase.components.ComponentRegistrar" />
162-->[com.google.firebase:firebase-firestore:25.0.0] AndroidManifest.xml:22:17-82
163            <meta-data
163-->[com.google.firebase:firebase-auth:23.0.0] AndroidManifest.xml:69:13-71:85
164                android:name="com.google.firebase.components:com.google.firebase.auth.FirebaseAuthRegistrar"
164-->[com.google.firebase:firebase-auth:23.0.0] AndroidManifest.xml:70:17-109
165                android:value="com.google.firebase.components.ComponentRegistrar" />
165-->[com.google.firebase:firebase-auth:23.0.0] AndroidManifest.xml:71:17-82
166            <meta-data
166-->[com.google.android.gms:play-services-measurement-api:22.0.0] AndroidManifest.xml:37:13-39:85
167                android:name="com.google.firebase.components:com.google.firebase.analytics.connector.internal.AnalyticsConnectorRegistrar"
167-->[com.google.android.gms:play-services-measurement-api:22.0.0] AndroidManifest.xml:38:17-139
168                android:value="com.google.firebase.components.ComponentRegistrar" />
168-->[com.google.android.gms:play-services-measurement-api:22.0.0] AndroidManifest.xml:39:17-82
169            <meta-data
169-->[com.google.firebase:firebase-storage:21.0.0] AndroidManifest.xml:30:13-32:85
170                android:name="com.google.firebase.components:com.google.firebase.storage.FirebaseStorageKtxRegistrar"
170-->[com.google.firebase:firebase-storage:21.0.0] AndroidManifest.xml:31:17-118
171                android:value="com.google.firebase.components.ComponentRegistrar" />
171-->[com.google.firebase:firebase-storage:21.0.0] AndroidManifest.xml:32:17-82
172            <meta-data
172-->[com.google.firebase:firebase-storage:21.0.0] AndroidManifest.xml:33:13-35:85
173                android:name="com.google.firebase.components:com.google.firebase.storage.StorageRegistrar"
173-->[com.google.firebase:firebase-storage:21.0.0] AndroidManifest.xml:34:17-107
174                android:value="com.google.firebase.components.ComponentRegistrar" />
174-->[com.google.firebase:firebase-storage:21.0.0] AndroidManifest.xml:35:17-82
175            <meta-data
175-->[com.google.firebase:firebase-messaging:24.0.0] AndroidManifest.xml:57:13-59:85
176                android:name="com.google.firebase.components:com.google.firebase.messaging.FirebaseMessagingKtxRegistrar"
176-->[com.google.firebase:firebase-messaging:24.0.0] AndroidManifest.xml:58:17-122
177                android:value="com.google.firebase.components.ComponentRegistrar" />
177-->[com.google.firebase:firebase-messaging:24.0.0] AndroidManifest.xml:59:17-82
178            <meta-data
178-->[com.google.firebase:firebase-messaging:24.0.0] AndroidManifest.xml:60:13-62:85
179                android:name="com.google.firebase.components:com.google.firebase.messaging.FirebaseMessagingRegistrar"
179-->[com.google.firebase:firebase-messaging:24.0.0] AndroidManifest.xml:61:17-119
180                android:value="com.google.firebase.components.ComponentRegistrar" />
180-->[com.google.firebase:firebase-messaging:24.0.0] AndroidManifest.xml:62:17-82
181            <meta-data
181-->[com.google.firebase:firebase-installations:18.0.0] AndroidManifest.xml:15:13-17:85
182                android:name="com.google.firebase.components:com.google.firebase.installations.FirebaseInstallationsKtxRegistrar"
182-->[com.google.firebase:firebase-installations:18.0.0] AndroidManifest.xml:16:17-130
183                android:value="com.google.firebase.components.ComponentRegistrar" />
183-->[com.google.firebase:firebase-installations:18.0.0] AndroidManifest.xml:17:17-82
184            <meta-data
184-->[com.google.firebase:firebase-installations:18.0.0] AndroidManifest.xml:18:13-20:85
185                android:name="com.google.firebase.components:com.google.firebase.installations.FirebaseInstallationsRegistrar"
185-->[com.google.firebase:firebase-installations:18.0.0] AndroidManifest.xml:19:17-127
186                android:value="com.google.firebase.components.ComponentRegistrar" />
186-->[com.google.firebase:firebase-installations:18.0.0] AndroidManifest.xml:20:17-82
187            <meta-data
187-->[com.google.firebase:firebase-appcheck:18.0.0] AndroidManifest.xml:25:13-27:85
188                android:name="com.google.firebase.components:com.google.firebase.appcheck.FirebaseAppCheckKtxRegistrar"
188-->[com.google.firebase:firebase-appcheck:18.0.0] AndroidManifest.xml:26:17-120
189                android:value="com.google.firebase.components.ComponentRegistrar" />
189-->[com.google.firebase:firebase-appcheck:18.0.0] AndroidManifest.xml:27:17-82
190            <meta-data
190-->[com.google.firebase:firebase-appcheck:18.0.0] AndroidManifest.xml:28:13-30:85
191                android:name="com.google.firebase.components:com.google.firebase.appcheck.FirebaseAppCheckRegistrar"
191-->[com.google.firebase:firebase-appcheck:18.0.0] AndroidManifest.xml:29:17-117
192                android:value="com.google.firebase.components.ComponentRegistrar" />
192-->[com.google.firebase:firebase-appcheck:18.0.0] AndroidManifest.xml:30:17-82
193            <meta-data
193-->[com.google.firebase:firebase-common-ktx:21.0.0] AndroidManifest.xml:12:13-14:85
194                android:name="com.google.firebase.components:com.google.firebase.ktx.FirebaseCommonLegacyRegistrar"
194-->[com.google.firebase:firebase-common-ktx:21.0.0] AndroidManifest.xml:13:17-116
195                android:value="com.google.firebase.components.ComponentRegistrar" />
195-->[com.google.firebase:firebase-common-ktx:21.0.0] AndroidManifest.xml:14:17-82
196            <meta-data
196-->[com.google.firebase:firebase-common:21.0.0] AndroidManifest.xml:35:13-37:85
197                android:name="com.google.firebase.components:com.google.firebase.FirebaseCommonKtxRegistrar"
197-->[com.google.firebase:firebase-common:21.0.0] AndroidManifest.xml:36:17-109
198                android:value="com.google.firebase.components.ComponentRegistrar" />
198-->[com.google.firebase:firebase-common:21.0.0] AndroidManifest.xml:37:17-82
199            <meta-data
199-->[com.google.firebase:firebase-datatransport:18.2.0] AndroidManifest.xml:25:13-27:85
200                android:name="com.google.firebase.components:com.google.firebase.datatransport.TransportRegistrar"
200-->[com.google.firebase:firebase-datatransport:18.2.0] AndroidManifest.xml:26:17-115
201                android:value="com.google.firebase.components.ComponentRegistrar" />
201-->[com.google.firebase:firebase-datatransport:18.2.0] AndroidManifest.xml:27:17-82
202        </service>
203        <service
203-->[:firebase_messaging] AndroidManifest.xml:16:9-19:72
204            android:name="io.flutter.plugins.firebase.messaging.FlutterFirebaseMessagingBackgroundService"
204-->[:firebase_messaging] AndroidManifest.xml:17:13-107
205            android:exported="false"
205-->[:firebase_messaging] AndroidManifest.xml:18:13-37
206            android:permission="android.permission.BIND_JOB_SERVICE" />
206-->[:firebase_messaging] AndroidManifest.xml:19:13-69
207        <service
207-->[:firebase_messaging] AndroidManifest.xml:20:9-26:19
208            android:name="io.flutter.plugins.firebase.messaging.FlutterFirebaseMessagingService"
208-->[:firebase_messaging] AndroidManifest.xml:21:13-97
209            android:exported="false" >
209-->[:firebase_messaging] AndroidManifest.xml:22:13-37
210            <intent-filter>
210-->[:firebase_messaging] AndroidManifest.xml:23:13-25:29
211                <action android:name="com.google.firebase.MESSAGING_EVENT" />
211-->[:firebase_messaging] AndroidManifest.xml:24:17-78
211-->[:firebase_messaging] AndroidManifest.xml:24:25-75
212            </intent-filter>
213        </service>
214
215        <receiver
215-->[:firebase_messaging] AndroidManifest.xml:28:9-35:20
216            android:name="io.flutter.plugins.firebase.messaging.FlutterFirebaseMessagingReceiver"
216-->[:firebase_messaging] AndroidManifest.xml:29:13-98
217            android:exported="true"
217-->[:firebase_messaging] AndroidManifest.xml:30:13-36
218            android:permission="com.google.android.c2dm.permission.SEND" >
218-->[:firebase_messaging] AndroidManifest.xml:31:13-73
219            <intent-filter>
219-->[:firebase_messaging] AndroidManifest.xml:32:13-34:29
220                <action android:name="com.google.android.c2dm.intent.RECEIVE" />
220-->[:firebase_messaging] AndroidManifest.xml:33:17-81
220-->[:firebase_messaging] AndroidManifest.xml:33:25-78
221            </intent-filter>
222        </receiver>
223
224        <provider
224-->[:firebase_messaging] AndroidManifest.xml:43:9-47:38
225            android:name="io.flutter.plugins.firebase.messaging.FlutterFirebaseMessagingInitProvider"
225-->[:firebase_messaging] AndroidManifest.xml:44:13-102
226            android:authorities="com.nuriflex.nuritopia2d.flutterfirebasemessaginginitprovider"
226-->[:firebase_messaging] AndroidManifest.xml:45:13-88
227            android:exported="false"
227-->[:firebase_messaging] AndroidManifest.xml:46:13-37
228            android:initOrder="99" />
228-->[:firebase_messaging] AndroidManifest.xml:47:13-35
229
230        <activity
230-->[:flutter_inappwebview_android] AndroidManifest.xml:16:9-20:47
231            android:name="com.pichillilorenzo.flutter_inappwebview_android.in_app_browser.InAppBrowserActivity"
231-->[:flutter_inappwebview_android] AndroidManifest.xml:17:13-112
232            android:configChanges="orientation|keyboardHidden|keyboard|screenSize|locale|layoutDirection|fontScale|screenLayout|density"
232-->[:flutter_inappwebview_android] AndroidManifest.xml:18:13-137
233            android:exported="false"
233-->[:flutter_inappwebview_android] AndroidManifest.xml:19:13-37
234            android:theme="@style/AppTheme" />
234-->[:flutter_inappwebview_android] AndroidManifest.xml:20:13-44
235        <activity
235-->[:flutter_inappwebview_android] AndroidManifest.xml:21:9-24:55
236            android:name="com.pichillilorenzo.flutter_inappwebview_android.chrome_custom_tabs.ChromeCustomTabsActivity"
236-->[:flutter_inappwebview_android] AndroidManifest.xml:22:13-120
237            android:exported="false"
237-->[:flutter_inappwebview_android] AndroidManifest.xml:23:13-37
238            android:theme="@style/ThemeTransparent" />
238-->[:flutter_inappwebview_android] AndroidManifest.xml:24:13-52
239        <activity
239-->[:flutter_inappwebview_android] AndroidManifest.xml:25:9-28:55
240            android:name="com.pichillilorenzo.flutter_inappwebview_android.chrome_custom_tabs.TrustedWebActivity"
240-->[:flutter_inappwebview_android] AndroidManifest.xml:26:13-114
241            android:exported="false"
241-->[:flutter_inappwebview_android] AndroidManifest.xml:27:13-37
242            android:theme="@style/ThemeTransparent" />
242-->[:flutter_inappwebview_android] AndroidManifest.xml:28:13-52
243        <activity
243-->[:flutter_inappwebview_android] AndroidManifest.xml:29:9-33:55
244            android:name="com.pichillilorenzo.flutter_inappwebview_android.chrome_custom_tabs.ChromeCustomTabsActivitySingleInstance"
244-->[:flutter_inappwebview_android] AndroidManifest.xml:30:13-134
245            android:exported="false"
245-->[:flutter_inappwebview_android] AndroidManifest.xml:31:13-37
246            android:launchMode="singleInstance"
246-->[:flutter_inappwebview_android] AndroidManifest.xml:32:13-48
247            android:theme="@style/ThemeTransparent" />
247-->[:flutter_inappwebview_android] AndroidManifest.xml:33:13-52
248        <activity
248-->[:flutter_inappwebview_android] AndroidManifest.xml:34:9-38:55
249            android:name="com.pichillilorenzo.flutter_inappwebview_android.chrome_custom_tabs.TrustedWebActivitySingleInstance"
249-->[:flutter_inappwebview_android] AndroidManifest.xml:35:13-128
250            android:exported="false"
250-->[:flutter_inappwebview_android] AndroidManifest.xml:36:13-37
251            android:launchMode="singleInstance"
251-->[:flutter_inappwebview_android] AndroidManifest.xml:37:13-48
252            android:theme="@style/ThemeTransparent" />
252-->[:flutter_inappwebview_android] AndroidManifest.xml:38:13-52
253
254        <receiver
254-->[:flutter_inappwebview_android] AndroidManifest.xml:40:9-43:40
255            android:name="com.pichillilorenzo.flutter_inappwebview_android.chrome_custom_tabs.ActionBroadcastReceiver"
255-->[:flutter_inappwebview_android] AndroidManifest.xml:41:13-119
256            android:enabled="true"
256-->[:flutter_inappwebview_android] AndroidManifest.xml:42:13-35
257            android:exported="false" />
257-->[:flutter_inappwebview_android] AndroidManifest.xml:43:13-37
258
259        <meta-data
259-->[:flutter_inappwebview_android] AndroidManifest.xml:45:9-47:36
260            android:name="io.flutter.embedded_views_preview"
260-->[:flutter_inappwebview_android] AndroidManifest.xml:46:13-61
261            android:value="true" />
261-->[:flutter_inappwebview_android] AndroidManifest.xml:47:13-33
262        <!--
263           Declares a provider which allows us to store files to share in
264           '.../caches/share_plus' and grant the receiving action access
265        -->
266        <provider
266-->[:share_plus] AndroidManifest.xml:15:9-23:20
267            android:name="dev.fluttercommunity.plus.share.ShareFileProvider"
267-->[:share_plus] AndroidManifest.xml:16:13-77
268            android:authorities="com.nuriflex.nuritopia2d.flutter.share_provider"
268-->[:share_plus] AndroidManifest.xml:17:13-74
269            android:exported="false"
269-->[:share_plus] AndroidManifest.xml:18:13-37
270            android:grantUriPermissions="true" >
270-->[:share_plus] AndroidManifest.xml:19:13-47
271            <meta-data
271-->[:share_plus] AndroidManifest.xml:20:13-22:68
272                android:name="android.support.FILE_PROVIDER_PATHS"
272-->[:share_plus] AndroidManifest.xml:21:17-67
273                android:resource="@xml/flutter_share_file_paths" />
273-->[:share_plus] AndroidManifest.xml:22:17-65
274        </provider>
275        <!--
276           This manifest declared broadcast receiver allows us to use an explicit
277           Intent when creating a PendingItent to be informed of the user's choice
278        -->
279        <receiver
279-->[:share_plus] AndroidManifest.xml:28:9-34:20
280            android:name="dev.fluttercommunity.plus.share.SharePlusPendingIntent"
280-->[:share_plus] AndroidManifest.xml:29:13-82
281            android:exported="false" >
281-->[:share_plus] AndroidManifest.xml:30:13-37
282            <intent-filter>
282-->[:share_plus] AndroidManifest.xml:31:13-33:29
283                <action android:name="EXTRA_CHOSEN_COMPONENT" />
283-->[:share_plus] AndroidManifest.xml:32:17-65
283-->[:share_plus] AndroidManifest.xml:32:25-62
284            </intent-filter>
285        </receiver>
286
287        <activity
287-->[:url_launcher_android] AndroidManifest.xml:10:9-13:74
288            android:name="io.flutter.plugins.urllauncher.WebViewActivity"
288-->[:url_launcher_android] AndroidManifest.xml:11:13-74
289            android:exported="false"
289-->[:url_launcher_android] AndroidManifest.xml:12:13-37
290            android:theme="@android:style/Theme.NoTitleBar.Fullscreen" />
290-->[:url_launcher_android] AndroidManifest.xml:13:13-71
291        <activity
291-->[com.google.firebase:firebase-auth:23.0.0] AndroidManifest.xml:29:9-46:20